SF:lib/class/topic.dart
DA:13,1
DA:15,3
DA:16,3
DA:17,3
DA:18,3
DA:26,3
DA:31,9
DA:33,3
DA:34,9
DA:38,6
DA:39,6
DA:40,3
DA:41,3
DA:46,2
DA:48,2
DA:50,4
DA:56,2
DA:57,2
DA:58,2
DA:59,2
DA:61,6
DA:62,0
DA:63,4
DA:64,2
DA:65,1
DA:67,1
DA:68,2
DA:69,2
DA:73,4
LF:29
LH:28
end_of_record
SF:lib/util/stats_utils.dart
DA:4,2
DA:6,2
DA:8,4
DA:9,2
DA:10,4
DA:12,2
DA:13,4
DA:15,10
DA:20,2
DA:22,2
DA:24,2
DA:25,2
DA:27,4
DA:28,2
DA:29,4
DA:30,2
DA:32,6
DA:34,4
DA:36,8
DA:37,6
DA:38,2
DA:39,2
DA:41,2
LF:23
LH:23
end_of_record
SF:lib/class/question.dart
DA:17,0
DA:19,2
DA:20,2
DA:21,2
DA:22,2
DA:23,2
DA:24,2
DA:33,2
DA:35,2
DA:36,2
DA:37,0
DA:38,0
DA:44,1
DA:45,1
DA:46,1
DA:47,1
DA:48,0
DA:49,0
DA:56,6
DA:58,2
DA:59,4
DA:60,6
DA:63,1
DA:64,2
DA:65,3
DA:69,4
DA:70,4
DA:71,2
DA:78,1
DA:80,1
DA:82,1
DA:83,4
DA:90,2
DA:92,2
DA:94,6
DA:95,6
DA:96,6
DA:98,10
DA:99,10
DA:103,2
DA:104,2
DA:105,2
DA:112,2
DA:113,0
DA:114,0
DA:120,2
DA:121,2
DA:122,2
DA:123,2
DA:124,2
DA:126,2
DA:127,0
DA:128,2
DA:129,2
DA:130,6
DA:131,1
DA:132,3
DA:133,3
DA:134,2
DA:135,2
DA:139,1
DA:142,2
DA:146,1
DA:147,0
DA:149,0
DA:150,0
DA:152,0
DA:154,0
DA:155,0
DA:156,0
DA:157,0
DA:160,0
DA:161,0
LF:73
LH:55
end_of_record
SF:lib/util/screen_wrapper.dart
DA:7,2
DA:8,1
DA:10,1
DA:11,1
DA:14,1
DA:15,1
DA:16,0
DA:17,1
DA:22,1
DA:23,0
DA:24,1
DA:31,1
LF:12
LH:10
end_of_record
SF:lib/class/service.dart
DA:9,3
DA:10,12
DA:11,6
DA:12,3
DA:13,9
DA:16,2
DA:18,8
DA:19,4
DA:21,2
DA:24,1
DA:25,1
DA:26,3
DA:27,1
DA:28,2
DA:29,2
DA:30,1
LF:16
LH:16
end_of_record
SF:lib/class/statistic.dart
DA:8,4
DA:9,2
DA:13,6
DA:15,2
DA:16,4
DA:17,2
DA:18,4
DA:19,6
DA:21,2
DA:24,0
DA:25,0
DA:26,0
DA:27,0
DA:29,0
DA:30,0
DA:31,0
DA:35,4
DA:36,4
DA:38,6
DA:39,2
DA:44,2
DA:45,1
DA:47,2
DA:48,2
DA:50,1
DA:52,1
DA:53,1
DA:54,1
DA:55,1
DA:57,1
DA:58,1
DA:64,1
DA:71,1
DA:72,1
DA:74,3
DA:77,4
DA:78,2
DA:79,3
LF:38
LH:31
end_of_record
SF:lib/main.dart
DA:11,2
DA:13,1
DA:15,1
DA:16,1
DA:17,1
DA:18,1
DA:20,1
DA:22,1
DA:24,0
DA:26,1
DA:28,0
DA:29,0
DA:30,1
DA:32,2
DA:33,3
DA:40,0
DA:41,0
DA:42,0
DA:43,0
LF:19
LH:12
end_of_record
